{"total": {"lines":{"total":56,"covered":52,"skipped":0,"pct":92.85},"statements":{"total":58,"covered":54,"skipped":0,"pct":93.1},"functions":{"total":12,"covered":11,"skipped":0,"pct":91.66},"branches":{"total":18,"covered":15,"skipped":0,"pct":83.33},"branchesTrue":{"total":0,"covered":0,"skipped":0,"pct":100}}
,"/app/src/controllers/login.controller.ts": {"lines":{"total":7,"covered":7,"skipped":0,"pct":100},"functions":{"total":1,"covered":1,"skipped":0,"pct":100},"statements":{"total":7,"covered":7,"skipped":0,"pct":100},"branches":{"total":2,"covered":2,"skipped":0,"pct":100}}
,"/app/src/controllers/order.controller.ts": {"lines":{"total":4,"covered":4,"skipped":0,"pct":100},"functions":{"total":1,"covered":1,"skipped":0,"pct":100},"statements":{"total":4,"covered":4,"skipped":0,"pct":100},"branches":{"total":0,"covered":0,"skipped":0,"pct":100}}
,"/app/src/controllers/product.controller.ts": {"lines":{"total":10,"covered":9,"skipped":0,"pct":90},"functions":{"total":2,"covered":2,"skipped":0,"pct":100},"statements":{"total":10,"covered":9,"skipped":0,"pct":90},"branches":{"total":2,"covered":1,"skipped":0,"pct":50}}
,"/app/src/services/login.service.ts": {"lines":{"total":12,"covered":12,"skipped":0,"pct":100},"functions":{"total":1,"covered":1,"skipped":0,"pct":100},"statements":{"total":12,"covered":12,"skipped":0,"pct":100},"branches":{"total":8,"covered":8,"skipped":0,"pct":100}}
,"/app/src/services/orders.service.ts": {"lines":{"total":9,"covered":8,"skipped":0,"pct":88.88},"functions":{"total":4,"covered":3,"skipped":0,"pct":75},"statements":{"total":11,"covered":10,"skipped":0,"pct":90.9},"branches":{"total":4,"covered":3,"skipped":0,"pct":75}}
,"/app/src/services/products.service.ts": {"lines":{"total":14,"covered":12,"skipped":0,"pct":85.71},"functions":{"total":3,"covered":3,"skipped":0,"pct":100},"statements":{"total":14,"covered":12,"skipped":0,"pct":85.71},"branches":{"total":2,"covered":1,"skipped":0,"pct":50}}
}
